Func -> (-1,-1)
{ -> (-1,-1)
number -> (-1,-1)
id -> (1,0)
; -> (-1,-1)
number -> (-1,-1)
id -> (2,0)
; -> (-1,-1)
read -> (-1,-1)
( -> (-1,-1)
) -> (-1,-1)
; -> (-1,-1)
read -> (-1,-1)
( -> (-1,-1)
) -> (-1,-1)
; -> (-1,-1)
while -> (-1,-1)
( -> (-1,-1)
not -> (-1,-1)
intConst -> (-2,-2)
) -> (-1,-1)
{ -> (-1,-1)
number -> (-1,-1)
id -> (2,1)
= -> (-1,-1)
% -> (-1,-1)
; -> (-1,-1)
= -> (-1,-1)
; -> (-1,-1)
= -> (-1,-1)
; -> (-1,-1)
} -> (-1,-1)
write -> (-1,-1)
( -> (-1,-1)
stringConst -> (-3,-3)
, -> (-1,-1)
) -> (-1,-1)
; -> (-1,-1)
} -> (-1,-1)
